2025-09-16 17:40:25 - hn_api - INFO - Initialized HN API client with base URL: https://hacker-news.firebaseio.com/v0
2025-09-16 17:40:25 - scraper - INFO - Initialized article scraper
2025-09-16 17:40:25 - __main__ - INFO - HackerCast pipeline initialized
2025-09-16 17:40:25 - hn_api - INFO - Fetching top 1 story IDs
2025-09-16 17:40:25 - hn_api - DEBUG - Making request to: https://hacker-news.firebaseio.com/v0/topstories.json
2025-09-16 17:40:25 - urllib3.connectionpool - DEBUG - Starting new HTTPS connection (1): hacker-news.firebaseio.com:443
2025-09-16 17:40:25 - urllib3.connectionpool - DEBUG - https://hacker-news.firebaseio.com:443 "GET /v0/topstories.json HTTP/1.1" 200 4501
2025-09-16 17:40:25 - hn_api - DEBUG - Successfully fetched data from: https://hacker-news.firebaseio.com/v0/topstories.json
2025-09-16 17:40:25 - hn_api - INFO - Successfully fetched 1 story IDs
2025-09-16 17:40:25 - hn_api - INFO - Fetching details for 1 stories
2025-09-16 17:40:25 - hn_api - DEBUG - Fetching story details for ID: 45270965
2025-09-16 17:40:25 - hn_api - DEBUG - Making request to: https://hacker-news.firebaseio.com/v0/item/45270965.json
2025-09-16 17:40:26 - urllib3.connectionpool - DEBUG - https://hacker-news.firebaseio.com:443 "GET /v0/item/45270965.json HTTP/1.1" 200 273
2025-09-16 17:40:26 - hn_api - DEBUG - Successfully fetched data from: https://hacker-news.firebaseio.com/v0/item/45270965.json
2025-09-16 17:40:26 - hn_api - DEBUG - Successfully parsed story: Global Peace Index 2025
2025-09-16 17:40:26 - hn_api - DEBUG - Progress: 1/1 - Global Peace Index 2025
2025-09-16 17:40:26 - hn_api - INFO - Successfully fetched 1 stories, 0 failed
2025-09-16 17:40:26 - __main__ - INFO - Successfully fetched 1 stories
2025-09-16 17:40:26 - scraper - INFO - Scraping article: https://www.visionofhumanity.org/maps/
2025-09-16 17:40:26 - scraper - DEBUG - Extracting content with Goose: https://www.visionofhumanity.org/maps/
2025-09-16 17:40:26 - goose3.crawler - DEBUG - Fetching html from https://www.visionofhumanity.org/maps/
2025-09-16 17:40:26 - urllib3.connectionpool - DEBUG - Starting new HTTPS connection (1): www.visionofhumanity.org:443
2025-09-16 17:40:26 - urllib3.connectionpool - DEBUG - https://www.visionofhumanity.org:443 "GET /maps/ HTTP/1.1" 200 None
2025-09-16 17:40:26 - scraper - DEBUG - Goose extracted 391 words
2025-09-16 17:40:26 - scraper - INFO - Successfully scraped with Goose: 391 words
2025-09-16 17:40:26 - __main__ - DEBUG - Scraped: Global Peace Index 2025
2025-09-16 17:40:26 - __main__ - INFO - Generated script with 537 characters
2025-09-16 17:40:26 - tts_converter - INFO - TTS client initialized successfully
2025-09-16 17:40:26 - __main__ - INFO - TTS converter initialized
2025-09-16 17:40:26 - tts_converter - INFO - Converting text to speech: 537 characters
2025-09-16 17:40:27 - tts_converter - ERROR - Google Cloud API error: 403 Cloud Text-to-Speech API has not been used in project 144858501828 before or it is disabled. Enable it by visiting https://console.developers.google.com/apis/api/texttospeech.googleapis.com/overview?project=144858501828 then retry. If you enabled this API recently, wait a few minutes for the action to propagate to our systems and retry. [reason: "SERVICE_DISABLED"
domain: "googleapis.com"
metadata {
  key: "service"
  value: "texttospeech.googleapis.com"
}
metadata {
  key: "serviceTitle"
  value: "Cloud Text-to-Speech API"
}
metadata {
  key: "containerInfo"
  value: "144858501828"
}
metadata {
  key: "consumer"
  value: "projects/144858501828"
}
metadata {
  key: "activationUrl"
  value: "https://console.developers.google.com/apis/api/texttospeech.googleapis.com/overview?project=144858501828"
}
, locale: "en-US"
message: "Cloud Text-to-Speech API has not been used in project 144858501828 before or it is disabled. Enable it by visiting https://console.developers.google.com/apis/api/texttospeech.googleapis.com/overview?project=144858501828 then retry. If you enabled this API recently, wait a few minutes for the action to propagate to our systems and retry."
, links {
  description: "Google developers console API activation"
  url: "https://console.developers.google.com/apis/api/texttospeech.googleapis.com/overview?project=144858501828"
}
]
2025-09-16 17:40:27 - __main__ - INFO - Saved pipeline data to: output/data/pipeline_data_20250916_174027.json
2025-09-16 17:40:27 - __main__ - INFO - Pipeline cleanup completed
2025-09-16 17:42:06 - hn_api - INFO - Initialized HN API client with base URL: https://hacker-news.firebaseio.com/v0
2025-09-16 17:42:06 - scraper - INFO - Initialized article scraper
2025-09-16 17:42:06 - __main__ - INFO - HackerCast pipeline initialized
2025-09-16 17:42:06 - hn_api - INFO - Fetching top 1 story IDs
2025-09-16 17:42:06 - hn_api - DEBUG - Making request to: https://hacker-news.firebaseio.com/v0/topstories.json
2025-09-16 17:42:06 - urllib3.connectionpool - DEBUG - Starting new HTTPS connection (1): hacker-news.firebaseio.com:443
2025-09-16 17:42:06 - urllib3.connectionpool - DEBUG - https://hacker-news.firebaseio.com:443 "GET /v0/topstories.json HTTP/1.1" 200 4501
2025-09-16 17:42:06 - hn_api - DEBUG - Successfully fetched data from: https://hacker-news.firebaseio.com/v0/topstories.json
2025-09-16 17:42:06 - hn_api - INFO - Successfully fetched 1 story IDs
2025-09-16 17:42:06 - hn_api - INFO - Fetching details for 1 stories
2025-09-16 17:42:06 - hn_api - DEBUG - Fetching story details for ID: 45270965
2025-09-16 17:42:06 - hn_api - DEBUG - Making request to: https://hacker-news.firebaseio.com/v0/item/45270965.json
2025-09-16 17:42:07 - urllib3.connectionpool - DEBUG - https://hacker-news.firebaseio.com:443 "GET /v0/item/45270965.json HTTP/1.1" 200 273
2025-09-16 17:42:07 - hn_api - DEBUG - Successfully fetched data from: https://hacker-news.firebaseio.com/v0/item/45270965.json
2025-09-16 17:42:07 - hn_api - DEBUG - Successfully parsed story: Global Peace Index 2025
2025-09-16 17:42:07 - hn_api - DEBUG - Progress: 1/1 - Global Peace Index 2025
2025-09-16 17:42:07 - hn_api - INFO - Successfully fetched 1 stories, 0 failed
2025-09-16 17:42:07 - __main__ - INFO - Successfully fetched 1 stories
2025-09-16 17:42:07 - scraper - INFO - Scraping article: https://www.visionofhumanity.org/maps/
2025-09-16 17:42:07 - scraper - DEBUG - Extracting content with Goose: https://www.visionofhumanity.org/maps/
2025-09-16 17:42:07 - goose3.crawler - DEBUG - Fetching html from https://www.visionofhumanity.org/maps/
2025-09-16 17:42:07 - urllib3.connectionpool - DEBUG - Starting new HTTPS connection (1): www.visionofhumanity.org:443
2025-09-16 17:42:07 - urllib3.connectionpool - DEBUG - https://www.visionofhumanity.org:443 "GET /maps/ HTTP/1.1" 200 None
2025-09-16 17:42:07 - scraper - DEBUG - Goose extracted 391 words
2025-09-16 17:42:07 - scraper - INFO - Successfully scraped with Goose: 391 words
2025-09-16 17:42:07 - __main__ - DEBUG - Scraped: Global Peace Index 2025
2025-09-16 17:42:07 - __main__ - INFO - Generated script with 537 characters
2025-09-16 17:42:07 - tts_converter - INFO - TTS client initialized successfully
2025-09-16 17:42:07 - __main__ - INFO - TTS converter initialized
2025-09-16 17:42:07 - tts_converter - INFO - Converting text to speech: 537 characters
2025-09-16 17:42:08 - tts_converter - ERROR - Google Cloud API error: 403 Cloud Text-to-Speech API has not been used in project 144858501828 before or it is disabled. Enable it by visiting https://console.developers.google.com/apis/api/texttospeech.googleapis.com/overview?project=144858501828 then retry. If you enabled this API recently, wait a few minutes for the action to propagate to our systems and retry. [reason: "SERVICE_DISABLED"
domain: "googleapis.com"
metadata {
  key: "service"
  value: "texttospeech.googleapis.com"
}
metadata {
  key: "serviceTitle"
  value: "Cloud Text-to-Speech API"
}
metadata {
  key: "containerInfo"
  value: "144858501828"
}
metadata {
  key: "consumer"
  value: "projects/144858501828"
}
metadata {
  key: "activationUrl"
  value: "https://console.developers.google.com/apis/api/texttospeech.googleapis.com/overview?project=144858501828"
}
, locale: "en-US"
message: "Cloud Text-to-Speech API has not been used in project 144858501828 before or it is disabled. Enable it by visiting https://console.developers.google.com/apis/api/texttospeech.googleapis.com/overview?project=144858501828 then retry. If you enabled this API recently, wait a few minutes for the action to propagate to our systems and retry."
, links {
  description: "Google developers console API activation"
  url: "https://console.developers.google.com/apis/api/texttospeech.googleapis.com/overview?project=144858501828"
}
]
2025-09-16 17:42:08 - __main__ - INFO - Saved pipeline data to: output/data/pipeline_data_20250916_174208.json
2025-09-16 17:42:08 - __main__ - INFO - Pipeline cleanup completed
2025-09-16 17:43:06 - hn_api - INFO - Initialized HN API client with base URL: https://hacker-news.firebaseio.com/v0
2025-09-16 17:43:06 - scraper - INFO - Initialized article scraper
2025-09-16 17:43:06 - __main__ - INFO - HackerCast pipeline initialized
2025-09-16 17:43:06 - hn_api - INFO - Fetching top 1 story IDs
2025-09-16 17:43:06 - hn_api - DEBUG - Making request to: https://hacker-news.firebaseio.com/v0/topstories.json
2025-09-16 17:43:06 - urllib3.connectionpool - DEBUG - Starting new HTTPS connection (1): hacker-news.firebaseio.com:443
2025-09-16 17:43:06 - urllib3.connectionpool - DEBUG - https://hacker-news.firebaseio.com:443 "GET /v0/topstories.json HTTP/1.1" 200 4501
2025-09-16 17:43:06 - hn_api - DEBUG - Successfully fetched data from: https://hacker-news.firebaseio.com/v0/topstories.json
2025-09-16 17:43:06 - hn_api - INFO - Successfully fetched 1 story IDs
2025-09-16 17:43:06 - hn_api - INFO - Fetching details for 1 stories
2025-09-16 17:43:06 - hn_api - DEBUG - Fetching story details for ID: 45270965
2025-09-16 17:43:06 - hn_api - DEBUG - Making request to: https://hacker-news.firebaseio.com/v0/item/45270965.json
2025-09-16 17:43:06 - urllib3.connectionpool - DEBUG - https://hacker-news.firebaseio.com:443 "GET /v0/item/45270965.json HTTP/1.1" 200 273
2025-09-16 17:43:06 - hn_api - DEBUG - Successfully fetched data from: https://hacker-news.firebaseio.com/v0/item/45270965.json
2025-09-16 17:43:06 - hn_api - DEBUG - Successfully parsed story: Global Peace Index 2025
2025-09-16 17:43:06 - hn_api - DEBUG - Progress: 1/1 - Global Peace Index 2025
2025-09-16 17:43:06 - hn_api - INFO - Successfully fetched 1 stories, 0 failed
2025-09-16 17:43:06 - __main__ - INFO - Successfully fetched 1 stories
2025-09-16 17:43:06 - scraper - INFO - Scraping article: https://www.visionofhumanity.org/maps/
2025-09-16 17:43:06 - scraper - DEBUG - Extracting content with Goose: https://www.visionofhumanity.org/maps/
2025-09-16 17:43:06 - goose3.crawler - DEBUG - Fetching html from https://www.visionofhumanity.org/maps/
2025-09-16 17:43:06 - urllib3.connectionpool - DEBUG - Starting new HTTPS connection (1): www.visionofhumanity.org:443
2025-09-16 17:43:07 - urllib3.connectionpool - DEBUG - https://www.visionofhumanity.org:443 "GET /maps/ HTTP/1.1" 200 None
2025-09-16 17:43:07 - scraper - DEBUG - Goose extracted 391 words
2025-09-16 17:43:07 - scraper - INFO - Successfully scraped with Goose: 391 words
2025-09-16 17:43:07 - __main__ - DEBUG - Scraped: Global Peace Index 2025
2025-09-16 17:43:07 - __main__ - INFO - Generated script with 537 characters
2025-09-16 17:43:07 - tts_converter - INFO - TTS client initialized successfully
2025-09-16 17:43:07 - __main__ - INFO - TTS converter initialized
2025-09-16 17:43:07 - tts_converter - INFO - Converting text to speech: 537 characters
2025-09-16 17:43:09 - tts_converter - INFO - Audio content written to file: output/audio/hackercast_20250916_174307.mp3
2025-09-16 17:43:09 - __main__ - INFO - Generated audio file: output/audio/hackercast_20250916_174307.mp3
2025-09-16 17:43:09 - __main__ - INFO - Saved pipeline data to: output/data/pipeline_data_20250916_174309.json
2025-09-16 17:43:09 - __main__ - INFO - Pipeline cleanup completed
2025-09-16 17:46:26 - hn_api - INFO - Initialized HN API client with base URL: https://hacker-news.firebaseio.com/v0
2025-09-16 17:46:26 - scraper - INFO - Initialized article scraper
2025-09-16 17:46:26 - __main__ - INFO - HackerCast pipeline initialized
2025-09-16 17:46:26 - hn_api - INFO - Fetching top 1 story IDs
2025-09-16 17:46:26 - hn_api - DEBUG - Making request to: https://hacker-news.firebaseio.com/v0/topstories.json
2025-09-16 17:46:26 - urllib3.connectionpool - DEBUG - Starting new HTTPS connection (1): hacker-news.firebaseio.com:443
2025-09-16 17:46:26 - urllib3.connectionpool - DEBUG - https://hacker-news.firebaseio.com:443 "GET /v0/topstories.json HTTP/1.1" 200 4501
2025-09-16 17:46:26 - hn_api - DEBUG - Successfully fetched data from: https://hacker-news.firebaseio.com/v0/topstories.json
2025-09-16 17:46:26 - hn_api - INFO - Successfully fetched 1 story IDs
2025-09-16 17:46:26 - hn_api - INFO - Fetching details for 1 stories
2025-09-16 17:46:26 - hn_api - DEBUG - Fetching story details for ID: 45270965
2025-09-16 17:46:26 - hn_api - DEBUG - Making request to: https://hacker-news.firebaseio.com/v0/item/45270965.json
2025-09-16 17:46:26 - urllib3.connectionpool - DEBUG - https://hacker-news.firebaseio.com:443 "GET /v0/item/45270965.json HTTP/1.1" 200 282
2025-09-16 17:46:26 - hn_api - DEBUG - Successfully fetched data from: https://hacker-news.firebaseio.com/v0/item/45270965.json
2025-09-16 17:46:26 - hn_api - DEBUG - Successfully parsed story: Global Peace Index 2025
2025-09-16 17:46:27 - hn_api - DEBUG - Progress: 1/1 - Global Peace Index 2025
2025-09-16 17:46:27 - hn_api - INFO - Successfully fetched 1 stories, 0 failed
2025-09-16 17:46:27 - __main__ - INFO - Successfully fetched 1 stories
2025-09-16 17:46:27 - scraper - INFO - Scraping article: https://www.visionofhumanity.org/maps/
2025-09-16 17:46:27 - scraper - DEBUG - Extracting content with Goose: https://www.visionofhumanity.org/maps/
2025-09-16 17:46:27 - goose3.crawler - DEBUG - Fetching html from https://www.visionofhumanity.org/maps/
2025-09-16 17:46:27 - urllib3.connectionpool - DEBUG - Starting new HTTPS connection (1): www.visionofhumanity.org:443
2025-09-16 17:46:27 - urllib3.connectionpool - DEBUG - https://www.visionofhumanity.org:443 "GET /maps/ HTTP/1.1" 200 None
2025-09-16 17:46:27 - scraper - DEBUG - Goose extracted 391 words
2025-09-16 17:46:27 - scraper - INFO - Successfully scraped with Goose: 391 words
2025-09-16 17:46:27 - __main__ - DEBUG - Scraped: Global Peace Index 2025
2025-09-16 17:46:27 - __main__ - INFO - Generated script with 2729 characters
2025-09-16 17:46:27 - tts_converter - INFO - TTS client initialized successfully
2025-09-16 17:46:27 - __main__ - INFO - TTS converter initialized
2025-09-16 17:46:27 - tts_converter - INFO - Converting text to speech: 2729 characters
2025-09-16 17:46:35 - tts_converter - INFO - Audio content written to file: output/audio/hackercast_20250916_174627.mp3
2025-09-16 17:46:35 - __main__ - INFO - Generated audio file: output/audio/hackercast_20250916_174627.mp3
2025-09-16 17:46:35 - __main__ - INFO - Saved pipeline data to: output/data/pipeline_data_20250916_174635.json
2025-09-16 17:46:35 - __main__ - INFO - Pipeline cleanup completed
2025-09-16 17:47:07 - hn_api - INFO - Initialized HN API client with base URL: https://hacker-news.firebaseio.com/v0
2025-09-16 17:47:07 - scraper - INFO - Initialized article scraper
2025-09-16 17:47:07 - __main__ - INFO - HackerCast pipeline initialized
2025-09-16 17:47:07 - hn_api - INFO - Fetching top 20 story IDs
2025-09-16 17:47:07 - hn_api - DEBUG - Making request to: https://hacker-news.firebaseio.com/v0/topstories.json
2025-09-16 17:47:07 - urllib3.connectionpool - DEBUG - Starting new HTTPS connection (1): hacker-news.firebaseio.com:443
2025-09-16 17:47:07 - urllib3.connectionpool - DEBUG - https://hacker-news.firebaseio.com:443 "GET /v0/topstories.json HTTP/1.1" 200 4501
2025-09-16 17:47:07 - hn_api - DEBUG - Successfully fetched data from: https://hacker-news.firebaseio.com/v0/topstories.json
2025-09-16 17:47:07 - hn_api - INFO - Successfully fetched 20 story IDs
2025-09-16 17:47:07 - hn_api - INFO - Fetching details for 20 stories
2025-09-16 17:47:07 - hn_api - DEBUG - Fetching story details for ID: 45270965
2025-09-16 17:47:07 - hn_api - DEBUG - Making request to: https://hacker-news.firebaseio.com/v0/item/45270965.json
2025-09-16 17:47:08 - urllib3.connectionpool - DEBUG - https://hacker-news.firebaseio.com:443 "GET /v0/item/45270965.json HTTP/1.1" 200 282
2025-09-16 17:47:08 - hn_api - DEBUG - Successfully fetched data from: https://hacker-news.firebaseio.com/v0/item/45270965.json
2025-09-16 17:47:08 - hn_api - DEBUG - Successfully parsed story: Global Peace Index 2025
2025-09-16 17:47:08 - hn_api - DEBUG - Progress: 1/20 - Global Peace Index 2025
2025-09-16 17:47:08 - hn_api - DEBUG - Fetching story details for ID: 45270108
2025-09-16 17:47:08 - hn_api - DEBUG - Making request to: https://hacker-news.firebaseio.com/v0/item/45270108.json
2025-09-16 17:47:08 - urllib3.connectionpool - DEBUG - https://hacker-news.firebaseio.com:443 "GET /v0/item/45270108.json HTTP/1.1" 200 378
2025-09-16 17:47:08 - hn_api - DEBUG - Successfully fetched data from: https://hacker-news.firebaseio.com/v0/item/45270108.json
2025-09-16 17:47:08 - hn_api - DEBUG - Successfully parsed story: Apple releases iOS 15.8.5 security update for 10-year old iPhone 6s
2025-09-16 17:47:08 - hn_api - DEBUG - Progress: 2/20 - Apple releases iOS 15.8.5 security update for 10-year old iPhone 6s
2025-09-16 17:47:08 - hn_api - DEBUG - Fetching story details for ID: 45262835
2025-09-16 17:47:08 - hn_api - DEBUG - Making request to: https://hacker-news.firebaseio.com/v0/item/45262835.json
2025-09-16 17:47:08 - urllib3.connectionpool - DEBUG - https://hacker-news.firebaseio.com:443 "GET /v0/item/45262835.json HTTP/1.1" 200 500
2025-09-16 17:47:08 - hn_api - DEBUG - Successfully fetched data from: https://hacker-news.firebaseio.com/v0/item/45262835.json
2025-09-16 17:47:08 - hn_api - DEBUG - Successfully parsed story: Things you can do with a Software Defined Radio (2024)
2025-09-16 17:47:08 - hn_api - DEBUG - Progress: 3/20 - Things you can do with a Software Defined Radio (2024)
2025-09-16 17:47:08 - hn_api - DEBUG - Fetching story details for ID: 45266039
2025-09-16 17:47:08 - hn_api - DEBUG - Making request to: https://hacker-news.firebaseio.com/v0/item/45266039.json
2025-09-16 17:47:08 - urllib3.connectionpool - DEBUG - https://hacker-news.firebaseio.com:443 "GET /v0/item/45266039.json HTTP/1.1" 200 359
2025-09-16 17:47:08 - hn_api - DEBUG - Successfully fetched data from: https://hacker-news.firebaseio.com/v0/item/45266039.json
2025-09-16 17:47:08 - hn_api - DEBUG - Successfully parsed story: How to make the Framework Desktop run even quieter
2025-09-16 17:47:08 - hn_api - DEBUG - Progress: 4/20 - How to make the Framework Desktop run even quieter
2025-09-16 17:47:08 - hn_api - DEBUG - Fetching story details for ID: 45270482
2025-09-16 17:47:08 - hn_api - DEBUG - Making request to: https://hacker-news.firebaseio.com/v0/item/45270482.json
2025-09-16 17:47:09 - urllib3.connectionpool - DEBUG - https://hacker-news.firebaseio.com:443 "GET /v0/item/45270482.json HTTP/1.1" 200 233
2025-09-16 17:47:09 - hn_api - DEBUG - Successfully fetched data from: https://hacker-news.firebaseio.com/v0/item/45270482.json
2025-09-16 17:47:09 - hn_api - DEBUG - Successfully parsed story: Irssi: IRC Client in a Docker Image
2025-09-16 17:47:09 - hn_api - DEBUG - Progress: 5/20 - Irssi: IRC Client in a Docker Image
2025-09-16 17:47:09 - hn_api - DEBUG - Fetching story details for ID: 45265745
2025-09-16 17:47:09 - hn_api - DEBUG - Making request to: https://hacker-news.firebaseio.com/v0/item/45265745.json
2025-09-16 17:47:09 - urllib3.connectionpool - DEBUG - https://hacker-news.firebaseio.com:443 "GET /v0/item/45265745.json HTTP/1.1" 200 500
2025-09-16 17:47:09 - hn_api - DEBUG - Successfully fetched data from: https://hacker-news.firebaseio.com/v0/item/45265745.json
2025-09-16 17:47:09 - hn_api - DEBUG - Successfully parsed story: Denmark close to wiping out cancer-causing HPV strains after vaccine roll-out
2025-09-16 17:47:09 - hn_api - DEBUG - Progress: 6/20 - Denmark close to wiping out cancer-causing HPV strains after vaccine roll-out
2025-09-16 17:47:09 - hn_api - DEBUG - Fetching story details for ID: 45268269
2025-09-16 17:47:09 - hn_api - DEBUG - Making request to: https://hacker-news.firebaseio.com/v0/item/45268269.json
2025-09-16 17:47:09 - urllib3.connectionpool - DEBUG - https://hacker-news.firebaseio.com:443 "GET /v0/item/45268269.json HTTP/1.1" 200 340
2025-09-16 17:47:09 - hn_api - DEBUG - Successfully fetched data from: https://hacker-news.firebaseio.com/v0/item/45268269.json
2025-09-16 17:47:09 - hn_api - DEBUG - Successfully parsed story: Doom crash after 2.5 years of real-world runtime confirmed on real hardware
2025-09-16 17:47:09 - hn_api - DEBUG - Progress: 7/20 - Doom crash after 2.5 years of real-world runtime confirmed on real hardware
2025-09-16 17:47:09 - hn_api - DEBUG - Fetching story details for ID: 45248558
2025-09-16 17:47:09 - hn_api - DEBUG - Making request to: https://hacker-news.firebaseio.com/v0/item/45248558.json
2025-09-16 17:47:09 - urllib3.connectionpool - DEBUG - https://hacker-news.firebaseio.com:443 "GET /v0/item/45248558.json HTTP/1.1" 200 250
2025-09-16 17:47:09 - hn_api - DEBUG - Successfully fetched data from: https://hacker-news.firebaseio.com/v0/item/45248558.json
2025-09-16 17:47:09 - hn_api - DEBUG - Successfully parsed story: A dumb introduction to z3
2025-09-16 17:47:09 - hn_api - DEBUG - Progress: 8/20 - A dumb introduction to z3
2025-09-16 17:47:09 - hn_api - DEBUG - Fetching story details for ID: 45232940
2025-09-16 17:47:09 - hn_api - DEBUG - Making request to: https://hacker-news.firebaseio.com/v0/item/45232940.json
2025-09-16 17:47:10 - urllib3.connectionpool - DEBUG - https://hacker-news.firebaseio.com:443 "GET /v0/item/45232940.json HTTP/1.1" 200 262
2025-09-16 17:47:10 - hn_api - DEBUG - Successfully fetched data from: https://hacker-news.firebaseio.com/v0/item/45232940.json
2025-09-16 17:47:10 - hn_api - DEBUG - Successfully parsed story: CubeSats are fascinating learning tools for space
2025-09-16 17:47:10 - hn_api - DEBUG - Progress: 9/20 - CubeSats are fascinating learning tools for space
2025-09-16 17:47:10 - hn_api - DEBUG - Fetching story details for ID: 45270676
2025-09-16 17:47:10 - hn_api - DEBUG - Making request to: https://hacker-news.firebaseio.com/v0/item/45270676.json
2025-09-16 17:47:10 - urllib3.connectionpool - DEBUG - https://hacker-news.firebaseio.com:443 "GET /v0/item/45270676.json HTTP/1.1" 200 239
2025-09-16 17:47:10 - hn_api - DEBUG - Successfully fetched data from: https://hacker-news.firebaseio.com/v0/item/45270676.json
2025-09-16 17:47:10 - hn_api - DEBUG - Successfully parsed story: Slow Social Media
2025-09-16 17:47:10 - hn_api - DEBUG - Progress: 10/20 - Slow Social Media
2025-09-16 17:47:10 - hn_api - DEBUG - Fetching story details for ID: 45260741
2025-09-16 17:47:10 - hn_api - DEBUG - Making request to: https://hacker-news.firebaseio.com/v0/item/45260741.json
2025-09-16 17:47:10 - urllib3.connectionpool - DEBUG - https://hacker-news.firebaseio.com:443 "GET /v0/item/45260741.json HTTP/1.1" 200 2475
2025-09-16 17:47:10 - hn_api - DEBUG - Successfully fetched data from: https://hacker-news.firebaseio.com/v0/item/45260741.json
2025-09-16 17:47:10 - hn_api - DEBUG - Successfully parsed story: Shai-Hulud malware attack: Tinycolor and over 40 NPM packages compromised
2025-09-16 17:47:10 - hn_api - DEBUG - Progress: 11/20 - Shai-Hulud malware attack: Tinycolor and over 40 NPM packages compromised
2025-09-16 17:47:10 - hn_api - DEBUG - Fetching story details for ID: 45264562
2025-09-16 17:47:10 - hn_api - DEBUG - Making request to: https://hacker-news.firebaseio.com/v0/item/45264562.json
2025-09-16 17:47:10 - urllib3.connectionpool - DEBUG - https://hacker-news.firebaseio.com:443 "GET /v0/item/45264562.json HTTP/1.1" 200 617
2025-09-16 17:47:10 - hn_api - DEBUG - Successfully fetched data from: https://hacker-news.firebaseio.com/v0/item/45264562.json
2025-09-16 17:47:10 - hn_api - DEBUG - Successfully parsed story: Waymo has received our pilot permit allowing for commercial operations at SFO
2025-09-16 17:47:10 - hn_api - DEBUG - Progress: 12/20 - Waymo has received our pilot permit allowing for commercial operations at SFO
2025-09-16 17:47:10 - hn_api - DEBUG - Fetching story details for ID: 45245050
2025-09-16 17:47:10 - hn_api - DEBUG - Making request to: https://hacker-news.firebaseio.com/v0/item/45245050.json
2025-09-16 17:47:11 - urllib3.connectionpool - DEBUG - https://hacker-news.firebaseio.com:443 "GET /v0/item/45245050.json HTTP/1.1" 200 330
2025-09-16 17:47:11 - hn_api - DEBUG - Successfully fetched data from: https://hacker-news.firebaseio.com/v0/item/45245050.json
2025-09-16 17:47:11 - hn_api - DEBUG - Successfully parsed story: I built my own phone because innovation is sad rn [video]
2025-09-16 17:47:11 - hn_api - DEBUG - Progress: 13/20 - I built my own phone because innovation is sad rn [video]
2025-09-16 17:47:11 - hn_api - DEBUG - Fetching story details for ID: 45266947
2025-09-16 17:47:11 - hn_api - DEBUG - Making request to: https://hacker-news.firebaseio.com/v0/item/45266947.json
2025-09-16 17:47:11 - urllib3.connectionpool - DEBUG - https://hacker-news.firebaseio.com:443 "GET /v0/item/45266947.json HTTP/1.1" 200 511
2025-09-16 17:47:11 - hn_api - DEBUG - Successfully fetched data from: https://hacker-news.firebaseio.com/v0/item/45266947.json
2025-09-16 17:47:11 - hn_api - DEBUG - Successfully parsed story: In Defense of C++
2025-09-16 17:47:11 - hn_api - DEBUG - Progress: 14/20 - In Defense of C++
2025-09-16 17:47:11 - hn_api - DEBUG - Fetching story details for ID: 45235167
2025-09-16 17:47:11 - hn_api - DEBUG - Making request to: https://hacker-news.firebaseio.com/v0/item/45235167.json
2025-09-16 17:47:11 - urllib3.connectionpool - DEBUG - https://hacker-news.firebaseio.com:443 "GET /v0/item/45235167.json HTTP/1.1" 200 273
2025-09-16 17:47:11 - hn_api - DEBUG - Successfully fetched data from: https://hacker-news.firebaseio.com/v0/item/45235167.json
2025-09-16 17:47:11 - hn_api - DEBUG - Successfully parsed story: Wait4X allows you to wait for a port or a service to enter the requested state
2025-09-16 17:47:11 - hn_api - DEBUG - Progress: 15/20 - Wait4X allows you to wait for a port or a service to enter the requested state
2025-09-16 17:47:11 - hn_api - DEBUG - Fetching story details for ID: 45270087
2025-09-16 17:47:11 - hn_api - DEBUG - Making request to: https://hacker-news.firebaseio.com/v0/item/45270087.json
2025-09-16 17:47:11 - urllib3.connectionpool - DEBUG - https://hacker-news.firebaseio.com:443 "GET /v0/item/45270087.json HTTP/1.1" 200 260
2025-09-16 17:47:11 - hn_api - DEBUG - Successfully fetched data from: https://hacker-news.firebaseio.com/v0/item/45270087.json
2025-09-16 17:47:11 - hn_api - DEBUG - Successfully parsed story: AMDVLK (AMD Open Source Driver For Vulkan) project is discontinued
2025-09-16 17:47:11 - hn_api - DEBUG - Progress: 16/20 - AMDVLK (AMD Open Source Driver For Vulkan) project is discontinued
2025-09-16 17:47:11 - hn_api - DEBUG - Fetching story details for ID: 45264867
2025-09-16 17:47:11 - hn_api - DEBUG - Making request to: https://hacker-news.firebaseio.com/v0/item/45264867.json
2025-09-16 17:47:12 - urllib3.connectionpool - DEBUG - https://hacker-news.firebaseio.com:443 "GET /v0/item/45264867.json HTTP/1.1" 200 5050
2025-09-16 17:47:12 - hn_api - DEBUG - Successfully fetched data from: https://hacker-news.firebaseio.com/v0/item/45264867.json
2025-09-16 17:47:12 - hn_api - DEBUG - Successfully parsed story: Launch HN: Rowboat (YC S24) – Open-source IDE for multi-agent systems
2025-09-16 17:47:12 - hn_api - DEBUG - Progress: 17/20 - Launch HN: Rowboat (YC S24) – Open-source IDE for multi-agent systems
2025-09-16 17:47:12 - hn_api - DEBUG - Fetching story details for ID: 45232426
2025-09-16 17:47:12 - hn_api - DEBUG - Making request to: https://hacker-news.firebaseio.com/v0/item/45232426.json
2025-09-16 17:47:12 - urllib3.connectionpool - DEBUG - https://hacker-news.firebaseio.com:443 "GET /v0/item/45232426.json HTTP/1.1" 200 284
2025-09-16 17:47:12 - hn_api - DEBUG - Successfully fetched data from: https://hacker-news.firebaseio.com/v0/item/45232426.json
2025-09-16 17:47:12 - hn_api - DEBUG - Successfully parsed story: How Container Filesystem Works: Building a Docker-Like Container from Scratch
2025-09-16 17:47:12 - hn_api - DEBUG - Progress: 18/20 - How Container Filesystem Works: Building a Docker-Like Container from Scratch
2025-09-16 17:47:12 - hn_api - DEBUG - Fetching story details for ID: 45229322
2025-09-16 17:47:12 - hn_api - DEBUG - Making request to: https://hacker-news.firebaseio.com/v0/item/45229322.json
2025-09-16 17:47:12 - urllib3.connectionpool - DEBUG - https://hacker-news.firebaseio.com:443 "GET /v0/item/45229322.json HTTP/1.1" 200 185
2025-09-16 17:47:12 - hn_api - DEBUG - Successfully fetched data from: https://hacker-news.firebaseio.com/v0/item/45229322.json
2025-09-16 17:47:12 - hn_api - DEBUG - Successfully parsed story: Mystery in the Moon
2025-09-16 17:47:12 - hn_api - DEBUG - Progress: 19/20 - Mystery in the Moon
2025-09-16 17:47:12 - hn_api - DEBUG - Fetching story details for ID: 45270981
2025-09-16 17:47:12 - hn_api - DEBUG - Making request to: https://hacker-news.firebaseio.com/v0/item/45270981.json
2025-09-16 17:47:12 - urllib3.connectionpool - DEBUG - https://hacker-news.firebaseio.com:443 "GET /v0/item/45270981.json HTTP/1.1" 200 3537
2025-09-16 17:47:12 - hn_api - DEBUG - Successfully fetched data from: https://hacker-news.firebaseio.com/v0/item/45270981.json
2025-09-16 17:47:12 - hn_api - DEBUG - Successfully parsed story: Show HN: A PSX/DOS style 3D game written in Rust with a custom software renderer
2025-09-16 17:47:12 - hn_api - DEBUG - Progress: 20/20 - Show HN: A PSX/DOS style 3D game written in Rust with a custom software renderer
2025-09-16 17:47:12 - hn_api - INFO - Successfully fetched 20 stories, 0 failed
2025-09-16 17:47:12 - __main__ - INFO - Successfully fetched 20 stories
2025-09-16 17:47:12 - scraper - INFO - Scraping article: https://www.visionofhumanity.org/maps/
2025-09-16 17:47:12 - scraper - DEBUG - Extracting content with Goose: https://www.visionofhumanity.org/maps/
2025-09-16 17:47:12 - goose3.crawler - DEBUG - Fetching html from https://www.visionofhumanity.org/maps/
2025-09-16 17:47:12 - urllib3.connectionpool - DEBUG - Starting new HTTPS connection (1): www.visionofhumanity.org:443
2025-09-16 17:47:13 - urllib3.connectionpool - DEBUG - https://www.visionofhumanity.org:443 "GET /maps/ HTTP/1.1" 200 None
2025-09-16 17:47:13 - scraper - DEBUG - Goose extracted 391 words
2025-09-16 17:47:13 - scraper - INFO - Successfully scraped with Goose: 391 words
2025-09-16 17:47:13 - __main__ - DEBUG - Scraped: Global Peace Index 2025
2025-09-16 17:47:13 - scraper - INFO - Scraping article: https://support.apple.com/en-us/125142
2025-09-16 17:47:13 - scraper - DEBUG - Extracting content with Goose: https://support.apple.com/en-us/125142
2025-09-16 17:47:13 - goose3.crawler - DEBUG - Fetching html from https://support.apple.com/en-us/125142
2025-09-16 17:47:13 - urllib3.connectionpool - DEBUG - Starting new HTTPS connection (1): support.apple.com:443
2025-09-16 17:47:13 - urllib3.connectionpool - DEBUG - https://support.apple.com:443 "GET /en-us/125142 HTTP/1.1" 200 26774
2025-09-16 17:47:13 - scraper - ERROR - Goose extraction failed for https://support.apple.com/en-us/125142: 'str' object has no attribute 'isoformat'
2025-09-16 17:47:13 - scraper - DEBUG - Fetching page: https://support.apple.com/en-us/125142
2025-09-16 17:47:13 - urllib3.connectionpool - DEBUG - Starting new HTTPS connection (1): support.apple.com:443
2025-09-16 17:47:14 - urllib3.connectionpool - DEBUG - https://support.apple.com:443 "GET /en-us/125142 HTTP/1.1" 200 26774
2025-09-16 17:47:14 - scraper - DEBUG - Successfully fetched page: https://support.apple.com/en-us/125142
2025-09-16 17:47:14 - scraper - DEBUG - Extracting content with BeautifulSoup: https://support.apple.com/en-us/125142
2025-09-16 17:47:14 - scraper - DEBUG - BeautifulSoup extracted 221 words
2025-09-16 17:47:14 - scraper - INFO - Successfully scraped with BeautifulSoup: 221 words
2025-09-16 17:47:14 - __main__ - DEBUG - Scraped: Apple releases iOS 15.8.5 security update for 10-year old iPhone 6s
2025-09-16 17:47:14 - scraper - INFO - Scraping article: https://blinry.org/50-things-with-sdr/
2025-09-16 17:47:14 - scraper - DEBUG - Extracting content with Goose: https://blinry.org/50-things-with-sdr/
2025-09-16 17:47:14 - goose3.crawler - DEBUG - Fetching html from https://blinry.org/50-things-with-sdr/
2025-09-16 17:47:14 - urllib3.connectionpool - DEBUG - Starting new HTTPS connection (1): blinry.org:443
2025-09-16 17:47:15 - urllib3.connectionpool - DEBUG - https://blinry.org:443 "GET /50-things-with-sdr/ HTTP/1.1" 200 None
2025-09-16 17:47:15 - scraper - DEBUG - Goose extracted 5244 words
2025-09-16 17:47:15 - scraper - INFO - Successfully scraped with Goose: 5244 words
2025-09-16 17:47:15 - __main__ - DEBUG - Scraped: Things you can do with a Software Defined Radio (2024)
2025-09-16 17:47:15 - scraper - INFO - Scraping article: https://noctua.at/en/how-to-make-the-framework-desktop-run-even-quieter
2025-09-16 17:47:15 - scraper - DEBUG - Extracting content with Goose: https://noctua.at/en/how-to-make-the-framework-desktop-run-even-quieter
2025-09-16 17:47:15 - goose3.crawler - DEBUG - Fetching html from https://noctua.at/en/how-to-make-the-framework-desktop-run-even-quieter
2025-09-16 17:47:15 - urllib3.connectionpool - DEBUG - Starting new HTTPS connection (1): noctua.at:443
2025-09-16 17:47:17 - urllib3.connectionpool - DEBUG - https://noctua.at:443 "GET /en/how-to-make-the-framework-desktop-run-even-quieter HTTP/1.1" 200 13918
2025-09-16 17:47:17 - scraper - DEBUG - Goose extracted 800 words
2025-09-16 17:47:17 - scraper - INFO - Successfully scraped with Goose: 800 words
2025-09-16 17:47:17 - __main__ - DEBUG - Scraped: How to make the Framework Desktop run even quieter
2025-09-16 17:47:17 - scraper - INFO - Scraping article: https://hub.docker.com/_/irssi
2025-09-16 17:47:17 - scraper - DEBUG - Extracting content with Goose: https://hub.docker.com/_/irssi
2025-09-16 17:47:17 - goose3.crawler - DEBUG - Fetching html from https://hub.docker.com/_/irssi
2025-09-16 17:47:17 - urllib3.connectionpool - DEBUG - Starting new HTTPS connection (1): hub.docker.com:443
2025-09-16 17:47:18 - urllib3.connectionpool - DEBUG - https://hub.docker.com:443 "GET /_/irssi HTTP/1.1" 200 None
2025-09-16 17:47:18 - scraper - WARNING - Goose extracted no content from: https://hub.docker.com/_/irssi
2025-09-16 17:47:18 - scraper - DEBUG - Fetching page: https://hub.docker.com/_/irssi
2025-09-16 17:47:18 - urllib3.connectionpool - DEBUG - Starting new HTTPS connection (1): hub.docker.com:443
2025-09-16 17:47:18 - urllib3.connectionpool - DEBUG - https://hub.docker.com:443 "GET /_/irssi HTTP/1.1" 200 None
2025-09-16 17:47:18 - scraper - DEBUG - Successfully fetched page: https://hub.docker.com/_/irssi
2025-09-16 17:47:18 - scraper - DEBUG - Extracting content with BeautifulSoup: https://hub.docker.com/_/irssi
2025-09-16 17:47:18 - scraper - WARNING - No text content extracted from: https://hub.docker.com/_/irssi
2025-09-16 17:47:18 - scraper - ERROR - Failed to scrape content from: https://hub.docker.com/_/irssi
2025-09-16 17:47:18 - __main__ - WARNING - Failed to scrape: Irssi: IRC Client in a Docker Image
2025-09-16 17:47:18 - scraper - INFO - Scraping article: https://www.gavi.org/vaccineswork/denmark-close-wiping-out-leading-cancer-causing-hpv-strains-after-vaccine-roll-out
2025-09-16 17:47:18 - scraper - DEBUG - Extracting content with Goose: https://www.gavi.org/vaccineswork/denmark-close-wiping-out-leading-cancer-causing-hpv-strains-after-vaccine-roll-out
2025-09-16 17:47:18 - goose3.crawler - DEBUG - Fetching html from https://www.gavi.org/vaccineswork/denmark-close-wiping-out-leading-cancer-causing-hpv-strains-after-vaccine-roll-out
2025-09-16 17:47:18 - urllib3.connectionpool - DEBUG - Starting new HTTPS connection (1): www.gavi.org:443
2025-09-16 17:47:19 - urllib3.connectionpool - DEBUG - https://www.gavi.org:443 "GET /vaccineswork/denmark-close-wiping-out-leading-cancer-causing-hpv-strains-after-vaccine-roll-out HTTP/1.1" 200 25938
2025-09-16 17:47:19 - scraper - ERROR - Goose extraction failed for https://www.gavi.org/vaccineswork/denmark-close-wiping-out-leading-cancer-causing-hpv-strains-after-vaccine-roll-out: 'str' object has no attribute 'isoformat'
2025-09-16 17:47:19 - scraper - DEBUG - Fetching page: https://www.gavi.org/vaccineswork/denmark-close-wiping-out-leading-cancer-causing-hpv-strains-after-vaccine-roll-out
2025-09-16 17:47:19 - urllib3.connectionpool - DEBUG - Starting new HTTPS connection (1): www.gavi.org:443
2025-09-16 17:47:19 - urllib3.connectionpool - DEBUG - https://www.gavi.org:443 "GET /vaccineswork/denmark-close-wiping-out-leading-cancer-causing-hpv-strains-after-vaccine-roll-out HTTP/1.1" 200 25938
2025-09-16 17:47:19 - scraper - DEBUG - Successfully fetched page: https://www.gavi.org/vaccineswork/denmark-close-wiping-out-leading-cancer-causing-hpv-strains-after-vaccine-roll-out
2025-09-16 17:47:19 - scraper - DEBUG - Extracting content with BeautifulSoup: https://www.gavi.org/vaccineswork/denmark-close-wiping-out-leading-cancer-causing-hpv-strains-after-vaccine-roll-out
2025-09-16 17:47:19 - scraper - DEBUG - BeautifulSoup extracted 1489 words
2025-09-16 17:47:19 - scraper - INFO - Successfully scraped with BeautifulSoup: 1489 words
2025-09-16 17:47:19 - __main__ - DEBUG - Scraped: Denmark close to wiping out cancer-causing HPV strains after vaccine roll-out
2025-09-16 17:47:19 - scraper - INFO - Scraping article: https://lenowo.org/viewtopic.php?t=31
2025-09-16 17:47:19 - scraper - DEBUG - Extracting content with Goose: https://lenowo.org/viewtopic.php?t=31
2025-09-16 17:47:19 - goose3.crawler - DEBUG - Fetching html from https://lenowo.org/viewtopic.php?t=31
2025-09-16 17:47:19 - urllib3.connectionpool - DEBUG - Starting new HTTPS connection (1): lenowo.org:443
2025-09-16 17:47:33 - urllib3.connectionpool - DEBUG - https://lenowo.org:443 "GET /viewtopic.php?t=31 HTTP/1.1" 200 6279
2025-09-16 17:47:33 - scraper - ERROR - Goose extraction failed for https://lenowo.org/viewtopic.php?t=31: 'str' object has no attribute 'isoformat'
2025-09-16 17:47:33 - scraper - DEBUG - Fetching page: https://lenowo.org/viewtopic.php?t=31
2025-09-16 17:47:33 - urllib3.connectionpool - DEBUG - Starting new HTTPS connection (1): lenowo.org:443
2025-09-16 17:47:37 - urllib3.connectionpool - DEBUG - https://lenowo.org:443 "GET /viewtopic.php?t=31 HTTP/1.1" 200 6280
2025-09-16 17:47:37 - scraper - DEBUG - Successfully fetched page: https://lenowo.org/viewtopic.php?t=31
2025-09-16 17:47:37 - scraper - DEBUG - Extracting content with BeautifulSoup: https://lenowo.org/viewtopic.php?t=31
2025-09-16 17:47:37 - scraper - DEBUG - BeautifulSoup extracted 374 words
2025-09-16 17:47:37 - scraper - INFO - Successfully scraped with BeautifulSoup: 374 words
2025-09-16 17:47:37 - __main__ - DEBUG - Scraped: Doom crash after 2.5 years of real-world runtime confirmed on real hardware
2025-09-16 17:47:37 - scraper - INFO - Scraping article: https://asibahi.github.io/thoughts/a-gentle-introduction-to-z3/
2025-09-16 17:47:37 - scraper - DEBUG - Extracting content with Goose: https://asibahi.github.io/thoughts/a-gentle-introduction-to-z3/
2025-09-16 17:47:37 - goose3.crawler - DEBUG - Fetching html from https://asibahi.github.io/thoughts/a-gentle-introduction-to-z3/
2025-09-16 17:47:37 - urllib3.connectionpool - DEBUG - Starting new HTTPS connection (1): asibahi.github.io:443
2025-09-16 17:47:37 - urllib3.connectionpool - DEBUG - https://asibahi.github.io:443 "GET /thoughts/a-gentle-introduction-to-z3/ HTTP/1.1" 200 12455
2025-09-16 17:47:38 - scraper - DEBUG - Goose extracted 2115 words
2025-09-16 17:47:38 - scraper - INFO - Successfully scraped with Goose: 2115 words
2025-09-16 17:47:38 - __main__ - DEBUG - Scraped: A dumb introduction to z3
2025-09-16 17:47:38 - scraper - INFO - Scraping article: https://www.jeffgeerling.com/blog/2025/cubesats-are-fascinating-learning-tools-space
2025-09-16 17:47:38 - scraper - DEBUG - Extracting content with Goose: https://www.jeffgeerling.com/blog/2025/cubesats-are-fascinating-learning-tools-space
2025-09-16 17:47:38 - goose3.crawler - DEBUG - Fetching html from https://www.jeffgeerling.com/blog/2025/cubesats-are-fascinating-learning-tools-space
2025-09-16 17:47:38 - urllib3.connectionpool - DEBUG - Starting new HTTPS connection (1): www.jeffgeerling.com:443
2025-09-16 17:47:39 - urllib3.connectionpool - DEBUG - https://www.jeffgeerling.com:443 "GET /blog/2025/cubesats-are-fascinating-learning-tools-space HTTP/1.1" 200 None
2025-09-16 17:47:39 - scraper - ERROR - Goose extraction failed for https://www.jeffgeerling.com/blog/2025/cubesats-are-fascinating-learning-tools-space: 'str' object has no attribute 'isoformat'
2025-09-16 17:47:39 - scraper - DEBUG - Fetching page: https://www.jeffgeerling.com/blog/2025/cubesats-are-fascinating-learning-tools-space
2025-09-16 17:47:39 - urllib3.connectionpool - DEBUG - Starting new HTTPS connection (1): www.jeffgeerling.com:443
2025-09-16 17:47:39 - urllib3.connectionpool - DEBUG - https://www.jeffgeerling.com:443 "GET /blog/2025/cubesats-are-fascinating-learning-tools-space HTTP/1.1" 200 None
2025-09-16 17:47:39 - scraper - DEBUG - Successfully fetched page: https://www.jeffgeerling.com/blog/2025/cubesats-are-fascinating-learning-tools-space
2025-09-16 17:47:39 - scraper - DEBUG - Extracting content with BeautifulSoup: https://www.jeffgeerling.com/blog/2025/cubesats-are-fascinating-learning-tools-space
2025-09-16 17:47:39 - scraper - DEBUG - BeautifulSoup extracted 2056 words
2025-09-16 17:47:39 - scraper - INFO - Successfully scraped with BeautifulSoup: 2056 words
2025-09-16 17:47:39 - __main__ - DEBUG - Scraped: CubeSats are fascinating learning tools for space
2025-09-16 17:47:39 - scraper - INFO - Scraping article: https://herman.bearblog.dev/slow-social-media/
2025-09-16 17:47:39 - scraper - DEBUG - Extracting content with Goose: https://herman.bearblog.dev/slow-social-media/
2025-09-16 17:47:39 - goose3.crawler - DEBUG - Fetching html from https://herman.bearblog.dev/slow-social-media/
2025-09-16 17:47:39 - urllib3.connectionpool - DEBUG - Starting new HTTPS connection (1): herman.bearblog.dev:443
2025-09-16 17:47:40 - urllib3.connectionpool - DEBUG - https://herman.bearblog.dev:443 "GET /slow-social-media/ HTTP/1.1" 200 6232
2025-09-16 17:47:40 - scraper - ERROR - Goose extraction failed for https://herman.bearblog.dev/slow-social-media/: 'str' object has no attribute 'isoformat'
2025-09-16 17:47:40 - scraper - DEBUG - Fetching page: https://herman.bearblog.dev/slow-social-media/
2025-09-16 17:47:40 - urllib3.connectionpool - DEBUG - Starting new HTTPS connection (1): herman.bearblog.dev:443
2025-09-16 17:47:40 - urllib3.connectionpool - DEBUG - https://herman.bearblog.dev:443 "GET /slow-social-media/ HTTP/1.1" 200 6170
2025-09-16 17:47:40 - scraper - DEBUG - Successfully fetched page: https://herman.bearblog.dev/slow-social-media/
2025-09-16 17:47:40 - scraper - DEBUG - Extracting content with BeautifulSoup: https://herman.bearblog.dev/slow-social-media/
2025-09-16 17:47:40 - scraper - DEBUG - BeautifulSoup extracted 1036 words
2025-09-16 17:47:40 - scraper - INFO - Successfully scraped with BeautifulSoup: 1036 words
2025-09-16 17:47:40 - __main__ - DEBUG - Scraped: Slow Social Media
2025-09-16 17:47:40 - scraper - INFO - Scraping article: https://www.stepsecurity.io/blog/ctrl-tinycolor-and-40-npm-packages-compromised
2025-09-16 17:47:40 - scraper - DEBUG - Extracting content with Goose: https://www.stepsecurity.io/blog/ctrl-tinycolor-and-40-npm-packages-compromised
2025-09-16 17:47:40 - goose3.crawler - DEBUG - Fetching html from https://www.stepsecurity.io/blog/ctrl-tinycolor-and-40-npm-packages-compromised
2025-09-16 17:47:40 - urllib3.connectionpool - DEBUG - Starting new HTTPS connection (1): www.stepsecurity.io:443
2025-09-16 17:47:41 - urllib3.connectionpool - DEBUG - https://www.stepsecurity.io:443 "GET /blog/ctrl-tinycolor-and-40-npm-packages-compromised HTTP/1.1" 200 None
2025-09-16 17:47:42 - scraper - DEBUG - Goose extracted 1841 words
2025-09-16 17:47:42 - scraper - INFO - Successfully scraped with Goose: 1841 words
2025-09-16 17:47:42 - __main__ - DEBUG - Scraped: Shai-Hulud malware attack: Tinycolor and over 40 NPM packages compromised
2025-09-16 17:47:42 - scraper - INFO - Scraping article: https://waymo.com/blog/#short-all-systems-go-at-sfo-waymo-has-received-our-pilot-permit
2025-09-16 17:47:42 - scraper - DEBUG - Extracting content with Goose: https://waymo.com/blog/#short-all-systems-go-at-sfo-waymo-has-received-our-pilot-permit
2025-09-16 17:47:42 - goose3.crawler - DEBUG - Fetching html from https://waymo.com/blog/#short-all-systems-go-at-sfo-waymo-has-received-our-pilot-permit
2025-09-16 17:47:42 - urllib3.connectionpool - DEBUG - Starting new HTTPS connection (1): waymo.com:443
2025-09-16 17:47:42 - urllib3.connectionpool - DEBUG - https://waymo.com:443 "GET /blog/ HTTP/1.1" 200 None
2025-09-16 17:47:43 - scraper - DEBUG - Goose extracted 269 words
2025-09-16 17:47:43 - scraper - INFO - Successfully scraped with Goose: 269 words
2025-09-16 17:47:43 - __main__ - DEBUG - Scraped: Waymo has received our pilot permit allowing for commercial operations at SFO
2025-09-16 17:47:43 - scraper - INFO - Scraping article: https://www.youtube.com/watch?v=qy_9w_c2ub0
2025-09-16 17:47:43 - scraper - DEBUG - Extracting content with Goose: https://www.youtube.com/watch?v=qy_9w_c2ub0
2025-09-16 17:47:43 - goose3.crawler - DEBUG - Fetching html from https://www.youtube.com/watch?v=qy_9w_c2ub0
2025-09-16 17:47:43 - urllib3.connectionpool - DEBUG - Starting new HTTPS connection (1): www.youtube.com:443
2025-09-16 17:47:43 - urllib3.connectionpool - DEBUG - https://www.youtube.com:443 "GET /watch?v=qy_9w_c2ub0 HTTP/1.1" 200 None
2025-09-16 17:47:44 - scraper - WARNING - Goose extracted no content from: https://www.youtube.com/watch?v=qy_9w_c2ub0
2025-09-16 17:47:44 - scraper - DEBUG - Fetching page: https://www.youtube.com/watch?v=qy_9w_c2ub0
2025-09-16 17:47:44 - urllib3.connectionpool - DEBUG - Starting new HTTPS connection (1): www.youtube.com:443
2025-09-16 17:47:45 - urllib3.connectionpool - DEBUG - https://www.youtube.com:443 "GET /watch?v=qy_9w_c2ub0 HTTP/1.1" 200 None
2025-09-16 17:47:45 - scraper - DEBUG - Successfully fetched page: https://www.youtube.com/watch?v=qy_9w_c2ub0
2025-09-16 17:47:45 - scraper - DEBUG - Extracting content with BeautifulSoup: https://www.youtube.com/watch?v=qy_9w_c2ub0
2025-09-16 17:47:46 - charset_normalizer - DEBUG - Encoding detection: utf_8 is most likely the one.
2025-09-16 17:47:46 - scraper - DEBUG - BeautifulSoup extracted 13 words
2025-09-16 17:47:46 - scraper - ERROR - Failed to scrape content from: https://www.youtube.com/watch?v=qy_9w_c2ub0
2025-09-16 17:47:46 - __main__ - WARNING - Failed to scrape: I built my own phone because innovation is sad rn [video]
2025-09-16 17:47:46 - scraper - INFO - Scraping article: https://dayvster.com/blog/in-defense-of-cpp/
2025-09-16 17:47:46 - scraper - DEBUG - Extracting content with Goose: https://dayvster.com/blog/in-defense-of-cpp/
2025-09-16 17:47:46 - goose3.crawler - DEBUG - Fetching html from https://dayvster.com/blog/in-defense-of-cpp/
2025-09-16 17:47:46 - urllib3.connectionpool - DEBUG - Starting new HTTPS connection (1): dayvster.com:443
2025-09-16 17:47:46 - urllib3.connectionpool - DEBUG - https://dayvster.com:443 "GET /blog/in-defense-of-cpp/ HTTP/1.1" 200 None
2025-09-16 17:47:46 - goose3.crawler - WARNING - Publish date Tue Sep 09 2025 19:21:37 GMT+0000 (Coordinated Universal Time) could not be resolved to UTC
2025-09-16 17:47:46 - scraper - ERROR - Goose extraction failed for https://dayvster.com/blog/in-defense-of-cpp/: 'str' object has no attribute 'isoformat'
2025-09-16 17:47:46 - scraper - DEBUG - Fetching page: https://dayvster.com/blog/in-defense-of-cpp/
2025-09-16 17:47:46 - urllib3.connectionpool - DEBUG - Starting new HTTPS connection (1): dayvster.com:443
2025-09-16 17:47:47 - urllib3.connectionpool - DEBUG - https://dayvster.com:443 "GET /blog/in-defense-of-cpp/ HTTP/1.1" 200 None
2025-09-16 17:47:47 - scraper - DEBUG - Successfully fetched page: https://dayvster.com/blog/in-defense-of-cpp/
2025-09-16 17:47:47 - scraper - DEBUG - Extracting content with BeautifulSoup: https://dayvster.com/blog/in-defense-of-cpp/
2025-09-16 17:47:47 - scraper - DEBUG - BeautifulSoup extracted 2573 words
2025-09-16 17:47:47 - scraper - INFO - Successfully scraped with BeautifulSoup: 2573 words
2025-09-16 17:47:47 - __main__ - DEBUG - Scraped: In Defense of C++
2025-09-16 17:47:47 - scraper - INFO - Scraping article: https://github.com/wait4x/wait4x
2025-09-16 17:47:47 - scraper - DEBUG - Extracting content with Goose: https://github.com/wait4x/wait4x
2025-09-16 17:47:47 - goose3.crawler - DEBUG - Fetching html from https://github.com/wait4x/wait4x
2025-09-16 17:47:47 - urllib3.connectionpool - DEBUG - Starting new HTTPS connection (1): github.com:443
2025-09-16 17:47:47 - urllib3.connectionpool - DEBUG - https://github.com:443 "GET /wait4x/wait4x HTTP/1.1" 200 None
2025-09-16 17:47:48 - scraper - DEBUG - Goose extracted 553 words
2025-09-16 17:47:48 - scraper - INFO - Successfully scraped with Goose: 553 words
2025-09-16 17:47:48 - __main__ - DEBUG - Scraped: Wait4X allows you to wait for a port or a service to enter the requested state
2025-09-16 17:47:48 - scraper - INFO - Scraping article: https://github.com/GPUOpen-Drivers/AMDVLK/discussions/416
2025-09-16 17:47:48 - scraper - DEBUG - Extracting content with Goose: https://github.com/GPUOpen-Drivers/AMDVLK/discussions/416
2025-09-16 17:47:48 - goose3.crawler - DEBUG - Fetching html from https://github.com/GPUOpen-Drivers/AMDVLK/discussions/416
2025-09-16 17:47:49 - urllib3.connectionpool - DEBUG - https://github.com:443 "GET /GPUOpen-Drivers/AMDVLK/discussions/416 HTTP/1.1" 200 None
2025-09-16 17:47:49 - scraper - DEBUG - Goose extracted 12 words
2025-09-16 17:47:49 - scraper - DEBUG - Fetching page: https://github.com/GPUOpen-Drivers/AMDVLK/discussions/416
2025-09-16 17:47:49 - urllib3.connectionpool - DEBUG - Starting new HTTPS connection (1): github.com:443
2025-09-16 17:47:50 - urllib3.connectionpool - DEBUG - https://github.com:443 "GET /GPUOpen-Drivers/AMDVLK/discussions/416 HTTP/1.1" 200 None
2025-09-16 17:47:50 - scraper - DEBUG - Successfully fetched page: https://github.com/GPUOpen-Drivers/AMDVLK/discussions/416
2025-09-16 17:47:50 - scraper - DEBUG - Extracting content with BeautifulSoup: https://github.com/GPUOpen-Drivers/AMDVLK/discussions/416
2025-09-16 17:47:51 - scraper - DEBUG - BeautifulSoup extracted 842 words
2025-09-16 17:47:51 - scraper - INFO - Successfully scraped with BeautifulSoup: 842 words
2025-09-16 17:47:51 - __main__ - DEBUG - Scraped: AMDVLK (AMD Open Source Driver For Vulkan) project is discontinued
2025-09-16 17:47:51 - scraper - INFO - Scraping article: https://github.com/rowboatlabs/rowboat
2025-09-16 17:47:51 - scraper - DEBUG - Extracting content with Goose: https://github.com/rowboatlabs/rowboat
2025-09-16 17:47:51 - goose3.crawler - DEBUG - Fetching html from https://github.com/rowboatlabs/rowboat
2025-09-16 17:47:51 - urllib3.connectionpool - DEBUG - https://github.com:443 "GET /rowboatlabs/rowboat HTTP/1.1" 200 None
2025-09-16 17:47:51 - scraper - DEBUG - Goose extracted 217 words
2025-09-16 17:47:51 - scraper - INFO - Successfully scraped with Goose: 217 words
2025-09-16 17:47:51 - __main__ - DEBUG - Scraped: Launch HN: Rowboat (YC S24) – Open-source IDE for multi-agent systems
2025-09-16 17:47:51 - scraper - INFO - Scraping article: https://labs.iximiuz.com/tutorials/container-filesystem-from-scratch
2025-09-16 17:47:51 - scraper - DEBUG - Extracting content with Goose: https://labs.iximiuz.com/tutorials/container-filesystem-from-scratch
2025-09-16 17:47:51 - goose3.crawler - DEBUG - Fetching html from https://labs.iximiuz.com/tutorials/container-filesystem-from-scratch
2025-09-16 17:47:51 - urllib3.connectionpool - DEBUG - Starting new HTTPS connection (1): labs.iximiuz.com:443
2025-09-16 17:47:52 - urllib3.connectionpool - DEBUG - https://labs.iximiuz.com:443 "GET /tutorials/container-filesystem-from-scratch HTTP/1.1" 200 None
2025-09-16 17:47:53 - goose3.crawler - WARNING - Publish date Published: Sep 12, 2025 could not be resolved to UTC
2025-09-16 17:47:54 - scraper - ERROR - Goose extraction failed for https://labs.iximiuz.com/tutorials/container-filesystem-from-scratch: 'str' object has no attribute 'isoformat'
2025-09-16 17:47:54 - scraper - DEBUG - Fetching page: https://labs.iximiuz.com/tutorials/container-filesystem-from-scratch
2025-09-16 17:47:54 - urllib3.connectionpool - DEBUG - Starting new HTTPS connection (1): labs.iximiuz.com:443
2025-09-16 17:47:54 - urllib3.connectionpool - DEBUG - https://labs.iximiuz.com:443 "GET /tutorials/container-filesystem-from-scratch HTTP/1.1" 200 None
2025-09-16 17:47:54 - scraper - DEBUG - Successfully fetched page: https://labs.iximiuz.com/tutorials/container-filesystem-from-scratch
2025-09-16 17:47:54 - scraper - DEBUG - Extracting content with BeautifulSoup: https://labs.iximiuz.com/tutorials/container-filesystem-from-scratch
2025-09-16 17:47:55 - scraper - DEBUG - BeautifulSoup extracted 6279 words
2025-09-16 17:47:55 - scraper - INFO - Successfully scraped with BeautifulSoup: 6279 words
2025-09-16 17:47:55 - __main__ - DEBUG - Scraped: How Container Filesystem Works: Building a Docker-Like Container from Scratch
2025-09-16 17:47:55 - scraper - INFO - Scraping article: https://engelsbergideas.com/reviews/mystery-in-the-moon/
2025-09-16 17:47:55 - scraper - DEBUG - Extracting content with Goose: https://engelsbergideas.com/reviews/mystery-in-the-moon/
2025-09-16 17:47:55 - goose3.crawler - DEBUG - Fetching html from https://engelsbergideas.com/reviews/mystery-in-the-moon/
2025-09-16 17:47:55 - urllib3.connectionpool - DEBUG - Starting new HTTPS connection (1): engelsbergideas.com:443
2025-09-16 17:47:55 - urllib3.connectionpool - DEBUG - https://engelsbergideas.com:443 "GET /reviews/mystery-in-the-moon/ HTTP/1.1" 200 49231
2025-09-16 17:47:56 - scraper - DEBUG - Goose extracted 1070 words
2025-09-16 17:47:56 - scraper - INFO - Successfully scraped with Goose: 1070 words
2025-09-16 17:47:56 - __main__ - DEBUG - Scraped: Mystery in the Moon
2025-09-16 17:47:56 - scraper - INFO - Scraping article: https://totenarctanz.itch.io/a-scavenging-trip
2025-09-16 17:47:56 - scraper - DEBUG - Extracting content with Goose: https://totenarctanz.itch.io/a-scavenging-trip
2025-09-16 17:47:56 - goose3.crawler - DEBUG - Fetching html from https://totenarctanz.itch.io/a-scavenging-trip
2025-09-16 17:47:56 - urllib3.connectionpool - DEBUG - Starting new HTTPS connection (1): totenarctanz.itch.io:443
2025-09-16 17:47:57 - urllib3.connectionpool - DEBUG - https://totenarctanz.itch.io:443 "GET /a-scavenging-trip HTTP/1.1" 200 None
2025-09-16 17:47:57 - scraper - DEBUG - Goose extracted 261 words
2025-09-16 17:47:57 - scraper - INFO - Successfully scraped with Goose: 261 words
2025-09-16 17:47:57 - __main__ - DEBUG - Scraped: Show HN: A PSX/DOS style 3D game written in Rust with a custom software renderer
2025-09-16 17:47:57 - __main__ - INFO - Generated script with 174070 characters
2025-09-16 17:47:57 - tts_converter - INFO - TTS client initialized successfully
2025-09-16 17:47:57 - __main__ - INFO - TTS converter initialized
2025-09-16 17:47:57 - tts_converter - WARNING - Text length (174070) exceeds recommended limit (5000 chars)
2025-09-16 17:47:57 - tts_converter - INFO - Converting text to speech: 174070 characters
2025-09-16 17:47:57 - tts_converter - ERROR - Google Cloud API error: 400 Either `input.text` or `input.ssml` is longer than the limit of 5000 bytes. This limit is different from quotas. To fix, reduce the byte length of the characters in this request, or consider using the Long Audio API: https://cloud.google.com/text-to-speech/docs/create-audio-text-long-audio-synthesis.
2025-09-16 17:47:57 - __main__ - INFO - Saved pipeline data to: output/data/pipeline_data_20250916_174757.json
2025-09-16 17:47:58 - __main__ - INFO - Pipeline cleanup completed
